[debug] [2019-10-24T19:58:53.920Z] ----------------------------------------------------------------------
[debug] [2019-10-24T19:58:53.924Z] Command:       /usr/local/bin/node /usr/local/bin/firebase serve
[debug] [2019-10-24T19:58:53.924Z] CLI Version:   7.5.0
[debug] [2019-10-24T19:58:53.924Z] Platform:      linux
[debug] [2019-10-24T19:58:53.924Z] Node Version:  v10.16.3
[debug] [2019-10-24T19:58:53.977Z] Time:          Thu Oct 24 2019 16:58:53 GMT-0300 (Brasilia Standard Time)
[debug] [2019-10-24T19:58:53.977Z] ----------------------------------------------------------------------
[debug] 
[debug] [2019-10-24T19:58:54.021Z] > command requires scopes: ["email","openid","https://www.googleapis.com/auth/cloudplatformprojects.readonly","https://www.googleapis.com/auth/firebase","https://www.googleapis.com/auth/cloud-platform"]
[debug] [2019-10-24T19:58:54.021Z] > authorizing via signed-in user
[debug] [2019-10-24T19:58:54.021Z] [iam] checking project social-network-squad3 for permissions ["firebase.projects.get"]
[debug] [2019-10-24T19:58:54.024Z] >>> HTTP REQUEST POST https://cloudresourcemanager.googleapis.com/v1/projects/social-network-squad3:testIamPermissions  

[debug] [2019-10-24T19:58:55.317Z] <<< HTTP RESPONSE 200
[debug] [2019-10-24T19:58:55.320Z] >>> HTTP REQUEST GET https://firebase.googleapis.com/v1beta1/projects/social-network-squad3  
 
[debug] [2019-10-24T19:58:56.788Z] <<< HTTP RESPONSE 200
[info] 
[info] === Serving from '/home/karine/SAP003-social-network'...
[info] 
[debug] [2019-10-24T19:58:56.791Z] >>> HTTP REQUEST GET https://firebase.googleapis.com/v1beta1/projects/social-network-squad3/webApps/-/config  
 
[debug] [2019-10-24T19:58:58.119Z] <<< HTTP RESPONSE 200
[info] i  hosting: Serving hosting files from: src
[info] ✔  hosting: Local server: http://localhost:5000
